<?xml version="1.0" encoding="UTF-8"?>
<testsuite xmlns:xsi="http://www.w3.org/2001/XMLSchema-instance" xsi:noNamespaceSchemaLocation="https://maven.apache.org/surefire/maven-surefire-plugin/xsd/surefire-test-report-3.0.xsd" version="3.0" name="Web table user order feature" time="38.169" tests="12" errors="0" skipped="0" failures="0">
  <properties>
[...]
</properties>
  <testcase name="User should be able to place order and order seen in web table" classname="Web table user order feature" time="3.307">
    <system-out><![CDATA[
@smoke
Scenario: User should be able to place order and order seen in web table &amp#27;[90m# src/test/resources/features/webTableOrder.feature:4&amp#27;[0m
--> It is coming from @Before in Hooks 
  &amp#27;[32mGiven &amp#27;[0m&amp#27;[32muser is already logged in and on order page&amp#27;[0m                      &amp#27;[90m# com.cydeo.step_definitions.WebTableOrderStepDefs.user_is_already_logged_in_and_on_order_page()&amp#27;[0m
  &amp#27;[32mWhen &amp#27;[0m&amp#27;[32muser selects product type &amp#27;[0m&amp#27;[32m&amp#27;[1m"Familybea"&amp#27;[0m                             &amp#27;[90m# com.cydeo.step_definitions.WebTableOrderStepDefs.user_selects_product_type(java.lang.String)&amp#27;[0m
  &amp#27;[32mAnd &amp#27;[0m&amp#27;[32muser enters quantity &amp#27;[0m&amp#27;[32m&amp#27;[1m2&amp#27;[0m                                             &amp#27;[90m# com.cydeo.step_definitions.WebTableOrderStepDefs.user_enters_quantity(int)&amp#27;[0m
  &amp#27;[32mAnd &amp#27;[0m&amp#27;[32muser enters customer name &amp#27;[0m&amp#27;[32m&amp#27;[1m"Sherlock Holmes"&amp#27;[0m                        &amp#27;[90m# com.cydeo.step_definitions.WebTableOrderStepDefs.user_enters_customer_name(java.lang.String)&amp#27;[0m
  &amp#27;[32mAnd &amp#27;[0m&amp#27;[32muser enters street &amp#27;[0m&amp#27;[32m&amp#27;[1m"221B Baker Street"&amp#27;[0m                             &amp#27;[90m# com.cydeo.step_definitions.WebTableOrderStepDefs.user_enters_street(java.lang.String)&amp#27;[0m
  &amp#27;[32mAnd &amp#27;[0m&amp#27;[32muser enters city &amp#27;[0m&amp#27;[32m&amp#27;[1m"London"&amp#27;[0m                                          &amp#27;[90m# com.cydeo.step_definitions.WebTableOrderStepDefs.user_enters_city(java.lang.String)&amp#27;[0m
  &amp#27;[32mAnd &amp#27;[0m&amp#27;[32muser enters state &amp#27;[0m&amp#27;[32m&amp#27;[1m"England"&amp#27;[0m                                        &amp#27;[90m# com.cydeo.step_definitions.WebTableOrderStepDefs.user_enters_state(java.lang.String)&amp#27;[0m
  &amp#27;[32mAnd &amp#27;[0m&amp#27;[32muser enters zipcode &amp#27;[0m&amp#27;[32m&amp#27;[1m"50505"&amp#27;[0m                                        &amp#27;[90m# com.cydeo.step_definitions.WebTableOrderStepDefs.user_enters_zipcode(java.lang.String)&amp#27;[0m
  &amp#27;[32mAnd &amp#27;[0m&amp#27;[32muser selects credit card type &amp#27;[0m&amp#27;[32m&amp#27;[1m"Visa"&amp#27;[0m                               &amp#27;[90m# com.cydeo.step_definitions.WebTableOrderStepDefs.user_selects_credit_card_type(java.lang.String)&amp#27;[0m
  &amp#27;[32mAnd &amp#27;[0m&amp#27;[32muser enters credit card number &amp#27;[0m&amp#27;[32m&amp#27;[1m"1111222233334444"&amp#27;[0m                  &amp#27;[90m# com.cydeo.step_definitions.WebTableOrderStepDefs.user_enters_credit_card_number(java.lang.String)&amp#27;[0m
  &amp#27;[32mAnd &amp#27;[0m&amp#27;[32muser enters expiry date &amp#27;[0m&amp#27;[32m&amp#27;[1m"12/23"&amp#27;[0m                                    &amp#27;[90m# com.cydeo.step_definitions.WebTableOrderStepDefs.user_enters_expiry_date(java.lang.String)&amp#27;[0m
  &amp#27;[32mAnd &amp#27;[0m&amp#27;[32muser enters process order button&amp#27;[0m                                   &amp#27;[90m# com.cydeo.step_definitions.WebTableOrderStepDefs.user_enters_process_order_button()&amp#27;[0m
  &amp#27;[32mThen &amp#27;[0m&amp#27;[32muser should see &amp#27;[0m&amp#27;[32m&amp#27;[1m"Sherlock Holmes"&amp#27;[0m&amp#27;[32m in first row of the web table&amp#27;[0m   &amp#27;[90m# com.cydeo.step_definitions.WebTableOrderStepDefs.user_should_see_in_first_row_of_the_web_table(java.lang.String)&amp#27;[0m
--> It is coming from @After in Hooks 

    Embedding User should be able to place order and order seen in web table [image/png 154999 bytes]

]]></system-out>
    <system-err><![CDATA[Starting ChromeDriver 103.0.5060.53 (a1711811edd74ff1cf2150f36ffa3b0dae40b17f-refs/branch-heads/5060@{#853}) on port 14103
Only local connections are allowed.
Please see https://chromedriver.chromium.org/security-considerations for suggestions on keeping ChromeDriver safe.
ChromeDriver was started successfully.
Jul 10, 2022 8:30:09 AM org.openqa.selenium.remote.ProtocolHandshake createSession
INFO: Detected dialect: W3C
]]></system-err>
  </testcase>
  <testcase name=" #1" classname="Web table user order feature" time="3.239">
    <system-out><![CDATA[
@smoke @femaleScientists
Scenario Template:                                                 &amp#27;[90m# src/test/resources/features/webTableOrder.feature:38&amp#27;[0m
--> It is coming from @Before in Hooks 
  &amp#27;[32mGiven &amp#27;[0m&amp#27;[32muser is already logged in and on order page&amp#27;[0m                &amp#27;[90m# com.cydeo.step_definitions.WebTableOrderStepDefs.user_is_already_logged_in_and_on_order_page()&amp#27;[0m
  &amp#27;[32mWhen &amp#27;[0m&amp#27;[32muser selects product type &amp#27;[0m&amp#27;[32m&amp#27;[1m"MoneyCog"&amp#27;[0m                        &amp#27;[90m# com.cydeo.step_definitions.WebTableOrderStepDefs.user_selects_product_type(java.lang.String)&amp#27;[0m
  &amp#27;[32mAnd &amp#27;[0m&amp#27;[32muser enters quantity &amp#27;[0m&amp#27;[32m&amp#27;[1m2&amp#27;[0m                                       &amp#27;[90m# com.cydeo.step_definitions.WebTableOrderStepDefs.user_enters_quantity(int)&amp#27;[0m
  &amp#27;[32mAnd &amp#27;[0m&amp#27;[32muser enters customer name &amp#27;[0m&amp#27;[32m&amp#27;[1m"Marie Curie"&amp#27;[0m                      &amp#27;[90m# com.cydeo.step_definitions.WebTableOrderStepDefs.user_enters_customer_name(java.lang.String)&amp#27;[0m
  &amp#27;[32mAnd &amp#27;[0m&amp#27;[32muser enters street &amp#27;[0m&amp#27;[32m&amp#27;[1m"London st"&amp#27;[0m                               &amp#27;[90m# com.cydeo.step_definitions.WebTableOrderStepDefs.user_enters_street(java.lang.String)&amp#27;[0m
  &amp#27;[32mAnd &amp#27;[0m&amp#27;[32muser enters city &amp#27;[0m&amp#27;[32m&amp#27;[1m"London"&amp#27;[0m                                    &amp#27;[90m# com.cydeo.step_definitions.WebTableOrderStepDefs.user_enters_city(java.lang.String)&amp#27;[0m
  &amp#27;[32mAnd &amp#27;[0m&amp#27;[32muser enters state &amp#27;[0m&amp#27;[32m&amp#27;[1m"England"&amp#27;[0m                                  &amp#27;[90m# com.cydeo.step_definitions.WebTableOrderStepDefs.user_enters_state(java.lang.String)&amp#27;[0m
  &amp#27;[32mAnd &amp#27;[0m&amp#27;[32muser enters zipcode &amp#27;[0m&amp#27;[32m&amp#27;[1m"50505"&amp#27;[0m                                  &amp#27;[90m# com.cydeo.step_definitions.WebTableOrderStepDefs.user_enters_zipcode(java.lang.String)&amp#27;[0m
  &amp#27;[32mAnd &amp#27;[0m&amp#27;[32muser selects credit card type &amp#27;[0m&amp#27;[32m&amp#27;[1m"Visa"&amp#27;[0m                         &amp#27;[90m# com.cydeo.step_definitions.WebTableOrderStepDefs.user_selects_credit_card_type(java.lang.String)&amp#27;[0m
  &amp#27;[32mAnd &amp#27;[0m&amp#27;[32muser enters credit card number &amp#27;[0m&amp#27;[32m&amp#27;[1m"1111222233334444"&amp#27;[0m            &amp#27;[90m# com.cydeo.step_definitions.WebTableOrderStepDefs.user_enters_credit_card_number(java.lang.String)&amp#27;[0m
  &amp#27;[32mAnd &amp#27;[0m&amp#27;[32muser enters expiry date &amp#27;[0m&amp#27;[32m&amp#27;[1m"12/24"&amp#27;[0m                              &amp#27;[90m# com.cydeo.step_definitions.WebTableOrderStepDefs.user_enters_expiry_date(java.lang.String)&amp#27;[0m
  &amp#27;[32mAnd &amp#27;[0m&amp#27;[32muser enters process order button&amp#27;[0m                             &amp#27;[90m# com.cydeo.step_definitions.WebTableOrderStepDefs.user_enters_process_order_button()&amp#27;[0m
  &amp#27;[32mThen &amp#27;[0m&amp#27;[32muser should see &amp#27;[0m&amp#27;[32m&amp#27;[1m"Marie Curie"&amp#27;[0m&amp#27;[32m in first row of the web table&amp#27;[0m &amp#27;[90m# com.cydeo.step_definitions.WebTableOrderStepDefs.user_should_see_in_first_row_of_the_web_table(java.lang.String)&amp#27;[0m
--> It is coming from @After in Hooks 

    Embedding  [image/png 154227 bytes]

]]></system-out>
    <system-err><![CDATA[Starting ChromeDriver 103.0.5060.53 (a1711811edd74ff1cf2150f36ffa3b0dae40b17f-refs/branch-heads/5060@{#853}) on port 43183
Only local connections are allowed.
Please see https://chromedriver.chromium.org/security-considerations for suggestions on keeping ChromeDriver safe.
ChromeDriver was started successfully.
Jul 10, 2022 8:30:12 AM org.openqa.selenium.remote.ProtocolHandshake createSession
INFO: Detected dialect: W3C
]]></system-err>
  </testcase>
  <testcase name=" #2" classname="Web table user order feature" time="3.213">
    <system-out><![CDATA[
@smoke @femaleScientists
Scenario Template:                                                       &amp#27;[90m# src/test/resources/features/webTableOrder.feature:39&amp#27;[0m
--> It is coming from @Before in Hooks 
  &amp#27;[32mGiven &amp#27;[0m&amp#27;[32muser is already logged in and on order page&amp#27;[0m                      &amp#27;[90m# com.cydeo.step_definitions.WebTableOrderStepDefs.user_is_already_logged_in_and_on_order_page()&amp#27;[0m
  &amp#27;[32mWhen &amp#27;[0m&amp#27;[32muser selects product type &amp#27;[0m&amp#27;[32m&amp#27;[1m"Familybea"&amp#27;[0m                             &amp#27;[90m# com.cydeo.step_definitions.WebTableOrderStepDefs.user_selects_product_type(java.lang.String)&amp#27;[0m
  &amp#27;[32mAnd &amp#27;[0m&amp#27;[32muser enters quantity &amp#27;[0m&amp#27;[32m&amp#27;[1m3&amp#27;[0m                                             &amp#27;[90m# com.cydeo.step_definitions.WebTableOrderStepDefs.user_enters_quantity(int)&amp#27;[0m
  &amp#27;[32mAnd &amp#27;[0m&amp#27;[32muser enters customer name &amp#27;[0m&amp#27;[32m&amp#27;[1m"Rosalind Franklin"&amp#27;[0m                      &amp#27;[90m# com.cydeo.step_definitions.WebTableOrderStepDefs.user_enters_customer_name(java.lang.String)&amp#27;[0m
  &amp#27;[32mAnd &amp#27;[0m&amp#27;[32muser enters street &amp#27;[0m&amp#27;[32m&amp#27;[1m"London st"&amp#27;[0m                                     &amp#27;[90m# com.cydeo.step_definitions.WebTableOrderStepDefs.user_enters_street(java.lang.String)&amp#27;[0m
  &amp#27;[32mAnd &amp#27;[0m&amp#27;[32muser enters city &amp#27;[0m&amp#27;[32m&amp#27;[1m"London"&amp#27;[0m                                          &amp#27;[90m# com.cydeo.step_definitions.WebTableOrderStepDefs.user_enters_city(java.lang.String)&amp#27;[0m
  &amp#27;[32mAnd &amp#27;[0m&amp#27;[32muser enters state &amp#27;[0m&amp#27;[32m&amp#27;[1m"England"&amp#27;[0m                                        &amp#27;[90m# com.cydeo.step_definitions.WebTableOrderStepDefs.user_enters_state(java.lang.String)&amp#27;[0m
  &amp#27;[32mAnd &amp#27;[0m&amp#27;[32muser enters zipcode &amp#27;[0m&amp#27;[32m&amp#27;[1m"50505"&amp#27;[0m                                        &amp#27;[90m# com.cydeo.step_definitions.WebTableOrderStepDefs.user_enters_zipcode(java.lang.String)&amp#27;[0m
  &amp#27;[32mAnd &amp#27;[0m&amp#27;[32muser selects credit card type &amp#27;[0m&amp#27;[32m&amp#27;[1m"Visa"&amp#27;[0m                               &amp#27;[90m# com.cydeo.step_definitions.WebTableOrderStepDefs.user_selects_credit_card_type(java.lang.String)&amp#27;[0m
  &amp#27;[32mAnd &amp#27;[0m&amp#27;[32muser enters credit card number &amp#27;[0m&amp#27;[32m&amp#27;[1m"1111222233334444"&amp#27;[0m                  &amp#27;[90m# com.cydeo.step_definitions.WebTableOrderStepDefs.user_enters_credit_card_number(java.lang.String)&amp#27;[0m
  &amp#27;[32mAnd &amp#27;[0m&amp#27;[32muser enters expiry date &amp#27;[0m&amp#27;[32m&amp#27;[1m"12/24"&amp#27;[0m                                    &amp#27;[90m# com.cydeo.step_definitions.WebTableOrderStepDefs.user_enters_expiry_date(java.lang.String)&amp#27;[0m
  &amp#27;[32mAnd &amp#27;[0m&amp#27;[32muser enters process order button&amp#27;[0m                                   &amp#27;[90m# com.cydeo.step_definitions.WebTableOrderStepDefs.user_enters_process_order_button()&amp#27;[0m
  &amp#27;[32mThen &amp#27;[0m&amp#27;[32muser should see &amp#27;[0m&amp#27;[32m&amp#27;[1m"Rosalind Franklin"&amp#27;[0m&amp#27;[32m in first row of the web table&amp#27;[0m &amp#27;[90m# com.cydeo.step_definitions.WebTableOrderStepDefs.user_should_see_in_first_row_of_the_web_table(java.lang.String)&amp#27;[0m
--> It is coming from @After in Hooks 

    Embedding  [image/png 153958 bytes]

]]></system-out>
    <system-err><![CDATA[Starting ChromeDriver 103.0.5060.53 (a1711811edd74ff1cf2150f36ffa3b0dae40b17f-refs/branch-heads/5060@{#853}) on port 35516
Only local connections are allowed.
Please see https://chromedriver.chromium.org/security-considerations for suggestions on keeping ChromeDriver safe.
ChromeDriver was started successfully.
Jul 10, 2022 8:30:15 AM org.openqa.selenium.remote.ProtocolHandshake createSession
INFO: Detected dialect: W3C
]]></system-err>
  </testcase>
  <testcase name=" #3" classname="Web table user order feature" time="3.173">
    <system-out><![CDATA[
@smoke @femaleScientists
Scenario Template:                                                  &amp#27;[90m# src/test/resources/features/webTableOrder.feature:40&amp#27;[0m
--> It is coming from @Before in Hooks 
  &amp#27;[32mGiven &amp#27;[0m&amp#27;[32muser is already logged in and on order page&amp#27;[0m                 &amp#27;[90m# com.cydeo.step_definitions.WebTableOrderStepDefs.user_is_already_logged_in_and_on_order_page()&amp#27;[0m
  &amp#27;[32mWhen &amp#27;[0m&amp#27;[32muser selects product type &amp#27;[0m&amp#27;[32m&amp#27;[1m"Screenable"&amp#27;[0m                       &amp#27;[90m# com.cydeo.step_definitions.WebTableOrderStepDefs.user_selects_product_type(java.lang.String)&amp#27;[0m
  &amp#27;[32mAnd &amp#27;[0m&amp#27;[32muser enters quantity &amp#27;[0m&amp#27;[32m&amp#27;[1m4&amp#27;[0m                                        &amp#27;[90m# com.cydeo.step_definitions.WebTableOrderStepDefs.user_enters_quantity(int)&amp#27;[0m
  &amp#27;[32mAnd &amp#27;[0m&amp#27;[32muser enters customer name &amp#27;[0m&amp#27;[32m&amp#27;[1m"List Meitner"&amp#27;[0m                      &amp#27;[90m# com.cydeo.step_definitions.WebTableOrderStepDefs.user_enters_customer_name(java.lang.String)&amp#27;[0m
  &amp#27;[32mAnd &amp#27;[0m&amp#27;[32muser enters street &amp#27;[0m&amp#27;[32m&amp#27;[1m"London st"&amp#27;[0m                                &amp#27;[90m# com.cydeo.step_definitions.WebTableOrderStepDefs.user_enters_street(java.lang.String)&amp#27;[0m
  &amp#27;[32mAnd &amp#27;[0m&amp#27;[32muser enters city &amp#27;[0m&amp#27;[32m&amp#27;[1m"London"&amp#27;[0m                                     &amp#27;[90m# com.cydeo.step_definitions.WebTableOrderStepDefs.user_enters_city(java.lang.String)&amp#27;[0m
  &amp#27;[32mAnd &amp#27;[0m&amp#27;[32muser enters state &amp#27;[0m&amp#27;[32m&amp#27;[1m"England"&amp#27;[0m                                   &amp#27;[90m# com.cydeo.step_definitions.WebTableOrderStepDefs.user_enters_state(java.lang.String)&amp#27;[0m
  &amp#27;[32mAnd &amp#27;[0m&amp#27;[32muser enters zipcode &amp#27;[0m&amp#27;[32m&amp#27;[1m"50505"&amp#27;[0m                                   &amp#27;[90m# com.cydeo.step_definitions.WebTableOrderStepDefs.user_enters_zipcode(java.lang.String)&amp#27;[0m
  &amp#27;[32mAnd &amp#27;[0m&amp#27;[32muser selects credit card type &amp#27;[0m&amp#27;[32m&amp#27;[1m"Visa"&amp#27;[0m                          &amp#27;[90m# com.cydeo.step_definitions.WebTableOrderStepDefs.user_selects_credit_card_type(java.lang.String)&amp#27;[0m
  &amp#27;[32mAnd &amp#27;[0m&amp#27;[32muser enters credit card number &amp#27;[0m&amp#27;[32m&amp#27;[1m"1111222233334444"&amp#27;[0m             &amp#27;[90m# com.cydeo.step_definitions.WebTableOrderStepDefs.user_enters_credit_card_number(java.lang.String)&amp#27;[0m
  &amp#27;[32mAnd &amp#27;[0m&amp#27;[32muser enters expiry date &amp#27;[0m&amp#27;[32m&amp#27;[1m"12/24"&amp#27;[0m                               &amp#27;[90m# com.cydeo.step_definitions.WebTableOrderStepDefs.user_enters_expiry_date(java.lang.String)&amp#27;[0m
  &amp#27;[32mAnd &amp#27;[0m&amp#27;[32muser enters process order button&amp#27;[0m                              &amp#27;[90m# com.cydeo.step_definitions.WebTableOrderStepDefs.user_enters_process_order_button()&amp#27;[0m
  &amp#27;[32mThen &amp#27;[0m&amp#27;[32muser should see &amp#27;[0m&amp#27;[32m&amp#27;[1m"List Meitner"&amp#27;[0m&amp#27;[32m in first row of the web table&amp#27;[0m &amp#27;[90m# com.cydeo.step_definitions.WebTableOrderStepDefs.user_should_see_in_first_row_of_the_web_table(java.lang.String)&amp#27;[0m
--> It is coming from @After in Hooks 

    Embedding  [image/png 153886 bytes]

]]></system-out>
    <system-err><![CDATA[Starting ChromeDriver 103.0.5060.53 (a1711811edd74ff1cf2150f36ffa3b0dae40b17f-refs/branch-heads/5060@{#853}) on port 38203
Only local connections are allowed.
Please see https://chromedriver.chromium.org/security-considerations for suggestions on keeping ChromeDriver safe.
ChromeDriver was started successfully.
Jul 10, 2022 8:30:19 AM org.openqa.selenium.remote.ProtocolHandshake createSession
INFO: Detected dialect: W3C
]]></system-err>
  </testcase>
  <testcase name=" #4" classname="Web table user order feature" time="3.136">
    <system-out><![CDATA[
@smoke @femaleScientists
Scenario Template:                                                     &amp#27;[90m# src/test/resources/features/webTableOrder.feature:41&amp#27;[0m
--> It is coming from @Before in Hooks 
  &amp#27;[32mGiven &amp#27;[0m&amp#27;[32muser is already logged in and on order page&amp#27;[0m                    &amp#27;[90m# com.cydeo.step_definitions.WebTableOrderStepDefs.user_is_already_logged_in_and_on_order_page()&amp#27;[0m
  &amp#27;[32mWhen &amp#27;[0m&amp#27;[32muser selects product type &amp#27;[0m&amp#27;[32m&amp#27;[1m"MoneyCog"&amp#27;[0m                            &amp#27;[90m# com.cydeo.step_definitions.WebTableOrderStepDefs.user_selects_product_type(java.lang.String)&amp#27;[0m
  &amp#27;[32mAnd &amp#27;[0m&amp#27;[32muser enters quantity &amp#27;[0m&amp#27;[32m&amp#27;[1m5&amp#27;[0m                                           &amp#27;[90m# com.cydeo.step_definitions.WebTableOrderStepDefs.user_enters_quantity(int)&amp#27;[0m
  &amp#27;[32mAnd &amp#27;[0m&amp#27;[32muser enters customer name &amp#27;[0m&amp#27;[32m&amp#27;[1m"Chien-Shiung Wu"&amp#27;[0m                      &amp#27;[90m# com.cydeo.step_definitions.WebTableOrderStepDefs.user_enters_customer_name(java.lang.String)&amp#27;[0m
  &amp#27;[32mAnd &amp#27;[0m&amp#27;[32muser enters street &amp#27;[0m&amp#27;[32m&amp#27;[1m"London st"&amp#27;[0m                                   &amp#27;[90m# com.cydeo.step_definitions.WebTableOrderStepDefs.user_enters_street(java.lang.String)&amp#27;[0m
  &amp#27;[32mAnd &amp#27;[0m&amp#27;[32muser enters city &amp#27;[0m&amp#27;[32m&amp#27;[1m"London"&amp#27;[0m                                        &amp#27;[90m# com.cydeo.step_definitions.WebTableOrderStepDefs.user_enters_city(java.lang.String)&amp#27;[0m
  &amp#27;[32mAnd &amp#27;[0m&amp#27;[32muser enters state &amp#27;[0m&amp#27;[32m&amp#27;[1m"England"&amp#27;[0m                                      &amp#27;[90m# com.cydeo.step_definitions.WebTableOrderStepDefs.user_enters_state(java.lang.String)&amp#27;[0m
  &amp#27;[32mAnd &amp#27;[0m&amp#27;[32muser enters zipcode &amp#27;[0m&amp#27;[32m&amp#27;[1m"50505"&amp#27;[0m                                      &amp#27;[90m# com.cydeo.step_definitions.WebTableOrderStepDefs.user_enters_zipcode(java.lang.String)&amp#27;[0m
  &amp#27;[32mAnd &amp#27;[0m&amp#27;[32muser selects credit card type &amp#27;[0m&amp#27;[32m&amp#27;[1m"Visa"&amp#27;[0m                             &amp#27;[90m# com.cydeo.step_definitions.WebTableOrderStepDefs.user_selects_credit_card_type(java.lang.String)&amp#27;[0m
  &amp#27;[32mAnd &amp#27;[0m&amp#27;[32muser enters credit card number &amp#27;[0m&amp#27;[32m&amp#27;[1m"1111222233334444"&amp#27;[0m                &amp#27;[90m# com.cydeo.step_definitions.WebTableOrderStepDefs.user_enters_credit_card_number(java.lang.String)&amp#27;[0m
  &amp#27;[32mAnd &amp#27;[0m&amp#27;[32muser enters expiry date &amp#27;[0m&amp#27;[32m&amp#27;[1m"12/24"&amp#27;[0m                                  &amp#27;[90m# com.cydeo.step_definitions.WebTableOrderStepDefs.user_enters_expiry_date(java.lang.String)&amp#27;[0m
  &amp#27;[32mAnd &amp#27;[0m&amp#27;[32muser enters process order button&amp#27;[0m                                 &amp#27;[90m# com.cydeo.step_definitions.WebTableOrderStepDefs.user_enters_process_order_button()&amp#27;[0m
  &amp#27;[32mThen &amp#27;[0m&amp#27;[32muser should see &amp#27;[0m&amp#27;[32m&amp#27;[1m"Chien-Shiung Wu"&amp#27;[0m&amp#27;[32m in first row of the web table&amp#27;[0m &amp#27;[90m# com.cydeo.step_definitions.WebTableOrderStepDefs.user_should_see_in_first_row_of_the_web_table(java.lang.String)&amp#27;[0m
--> It is coming from @After in Hooks 

    Embedding  [image/png 154731 bytes]

]]></system-out>
    <system-err><![CDATA[Starting ChromeDriver 103.0.5060.53 (a1711811edd74ff1cf2150f36ffa3b0dae40b17f-refs/branch-heads/5060@{#853}) on port 25513
Only local connections are allowed.
Please see https://chromedriver.chromium.org/security-considerations for suggestions on keeping ChromeDriver safe.
ChromeDriver was started successfully.
Jul 10, 2022 8:30:22 AM org.openqa.selenium.remote.ProtocolHandshake createSession
INFO: Detected dialect: W3C
]]></system-err>
  </testcase>
  <testcase name=" #5" classname="Web table user order feature" time="3.135">
    <system-out><![CDATA[
@smoke @femaleScientists
Scenario Template:                                                        &amp#27;[90m# src/test/resources/features/webTableOrder.feature:42&amp#27;[0m
--> It is coming from @Before in Hooks 
  &amp#27;[32mGiven &amp#27;[0m&amp#27;[32muser is already logged in and on order page&amp#27;[0m                       &amp#27;[90m# com.cydeo.step_definitions.WebTableOrderStepDefs.user_is_already_logged_in_and_on_order_page()&amp#27;[0m
  &amp#27;[32mWhen &amp#27;[0m&amp#27;[32muser selects product type &amp#27;[0m&amp#27;[32m&amp#27;[1m"MoneyCog"&amp#27;[0m                               &amp#27;[90m# com.cydeo.step_definitions.WebTableOrderStepDefs.user_selects_product_type(java.lang.String)&amp#27;[0m
  &amp#27;[32mAnd &amp#27;[0m&amp#27;[32muser enters quantity &amp#27;[0m&amp#27;[32m&amp#27;[1m6&amp#27;[0m                                              &amp#27;[90m# com.cydeo.step_definitions.WebTableOrderStepDefs.user_enters_quantity(int)&amp#27;[0m
  &amp#27;[32mAnd &amp#27;[0m&amp#27;[32muser enters customer name &amp#27;[0m&amp#27;[32m&amp#27;[1m"Barbara McClintock"&amp#27;[0m                      &amp#27;[90m# com.cydeo.step_definitions.WebTableOrderStepDefs.user_enters_customer_name(java.lang.String)&amp#27;[0m
  &amp#27;[32mAnd &amp#27;[0m&amp#27;[32muser enters street &amp#27;[0m&amp#27;[32m&amp#27;[1m"London st"&amp#27;[0m                                      &amp#27;[90m# com.cydeo.step_definitions.WebTableOrderStepDefs.user_enters_street(java.lang.String)&amp#27;[0m
  &amp#27;[32mAnd &amp#27;[0m&amp#27;[32muser enters city &amp#27;[0m&amp#27;[32m&amp#27;[1m"London"&amp#27;[0m                                           &amp#27;[90m# com.cydeo.step_definitions.WebTableOrderStepDefs.user_enters_city(java.lang.String)&amp#27;[0m
  &amp#27;[32mAnd &amp#27;[0m&amp#27;[32muser enters state &amp#27;[0m&amp#27;[32m&amp#27;[1m"England"&amp#27;[0m                                         &amp#27;[90m# com.cydeo.step_definitions.WebTableOrderStepDefs.user_enters_state(java.lang.String)&amp#27;[0m
  &amp#27;[32mAnd &amp#27;[0m&amp#27;[32muser enters zipcode &amp#27;[0m&amp#27;[32m&amp#27;[1m"50505"&amp#27;[0m                                         &amp#27;[90m# com.cydeo.step_definitions.WebTableOrderStepDefs.user_enters_zipcode(java.lang.String)&amp#27;[0m
  &amp#27;[32mAnd &amp#27;[0m&amp#27;[32muser selects credit card type &amp#27;[0m&amp#27;[32m&amp#27;[1m"Visa"&amp#27;[0m                                &amp#27;[90m# com.cydeo.step_definitions.WebTableOrderStepDefs.user_selects_credit_card_type(java.lang.String)&amp#27;[0m
  &amp#27;[32mAnd &amp#27;[0m&amp#27;[32muser enters credit card number &amp#27;[0m&amp#27;[32m&amp#27;[1m"1111222233334444"&amp#27;[0m                   &amp#27;[90m# com.cydeo.step_definitions.WebTableOrderStepDefs.user_enters_credit_card_number(java.lang.String)&amp#27;[0m
  &amp#27;[32mAnd &amp#27;[0m&amp#27;[32muser enters expiry date &amp#27;[0m&amp#27;[32m&amp#27;[1m"12/24"&amp#27;[0m                                     &amp#27;[90m# com.cydeo.step_definitions.WebTableOrderStepDefs.user_enters_expiry_date(java.lang.String)&amp#27;[0m
  &amp#27;[32mAnd &amp#27;[0m&amp#27;[32muser enters process order button&amp#27;[0m                                    &amp#27;[90m# com.cydeo.step_definitions.WebTableOrderStepDefs.user_enters_process_order_button()&amp#27;[0m
  &amp#27;[32mThen &amp#27;[0m&amp#27;[32muser should see &amp#27;[0m&amp#27;[32m&amp#27;[1m"Barbara McClintock"&amp#27;[0m&amp#27;[32m in first row of the web table&amp#27;[0m &amp#27;[90m# com.cydeo.step_definitions.WebTableOrderStepDefs.user_should_see_in_first_row_of_the_web_table(java.lang.String)&amp#27;[0m
--> It is coming from @After in Hooks 

    Embedding  [image/png 154081 bytes]

]]></system-out>
    <system-err><![CDATA[Starting ChromeDriver 103.0.5060.53 (a1711811edd74ff1cf2150f36ffa3b0dae40b17f-refs/branch-heads/5060@{#853}) on port 26116
Only local connections are allowed.
Please see https://chromedriver.chromium.org/security-considerations for suggestions on keeping ChromeDriver safe.
ChromeDriver was started successfully.
Jul 10, 2022 8:30:25 AM org.openqa.selenium.remote.ProtocolHandshake createSession
INFO: Detected dialect: W3C
]]></system-err>
  </testcase>
  <testcase name=" #6" classname="Web table user order feature" time="3.217">
    <system-out><![CDATA[
@smoke @maleScientist
Scenario Template:                                                    &amp#27;[90m# src/test/resources/features/webTableOrder.feature:47&amp#27;[0m
--> It is coming from @Before in Hooks 
  &amp#27;[32mGiven &amp#27;[0m&amp#27;[32muser is already logged in and on order page&amp#27;[0m                   &amp#27;[90m# com.cydeo.step_definitions.WebTableOrderStepDefs.user_is_already_logged_in_and_on_order_page()&amp#27;[0m
  &amp#27;[32mWhen &amp#27;[0m&amp#27;[32muser selects product type &amp#27;[0m&amp#27;[32m&amp#27;[1m"MoneyCog"&amp#27;[0m                           &amp#27;[90m# com.cydeo.step_definitions.WebTableOrderStepDefs.user_selects_product_type(java.lang.String)&amp#27;[0m
  &amp#27;[32mAnd &amp#27;[0m&amp#27;[32muser enters quantity &amp#27;[0m&amp#27;[32m&amp#27;[1m2&amp#27;[0m                                          &amp#27;[90m# com.cydeo.step_definitions.WebTableOrderStepDefs.user_enters_quantity(int)&amp#27;[0m
  &amp#27;[32mAnd &amp#27;[0m&amp#27;[32muser enters customer name &amp#27;[0m&amp#27;[32m&amp#27;[1m"Charles Darwin"&amp#27;[0m                      &amp#27;[90m# com.cydeo.step_definitions.WebTableOrderStepDefs.user_enters_customer_name(java.lang.String)&amp#27;[0m
  &amp#27;[32mAnd &amp#27;[0m&amp#27;[32muser enters street &amp#27;[0m&amp#27;[32m&amp#27;[1m"London st"&amp#27;[0m                                  &amp#27;[90m# com.cydeo.step_definitions.WebTableOrderStepDefs.user_enters_street(java.lang.String)&amp#27;[0m
  &amp#27;[32mAnd &amp#27;[0m&amp#27;[32muser enters city &amp#27;[0m&amp#27;[32m&amp#27;[1m"London"&amp#27;[0m                                       &amp#27;[90m# com.cydeo.step_definitions.WebTableOrderStepDefs.user_enters_city(java.lang.String)&amp#27;[0m
  &amp#27;[32mAnd &amp#27;[0m&amp#27;[32muser enters state &amp#27;[0m&amp#27;[32m&amp#27;[1m"England"&amp#27;[0m                                     &amp#27;[90m# com.cydeo.step_definitions.WebTableOrderStepDefs.user_enters_state(java.lang.String)&amp#27;[0m
  &amp#27;[32mAnd &amp#27;[0m&amp#27;[32muser enters zipcode &amp#27;[0m&amp#27;[32m&amp#27;[1m"50505"&amp#27;[0m                                     &amp#27;[90m# com.cydeo.step_definitions.WebTableOrderStepDefs.user_enters_zipcode(java.lang.String)&amp#27;[0m
  &amp#27;[32mAnd &amp#27;[0m&amp#27;[32muser selects credit card type &amp#27;[0m&amp#27;[32m&amp#27;[1m"Visa"&amp#27;[0m                            &amp#27;[90m# com.cydeo.step_definitions.WebTableOrderStepDefs.user_selects_credit_card_type(java.lang.String)&amp#27;[0m
  &amp#27;[32mAnd &amp#27;[0m&amp#27;[32muser enters credit card number &amp#27;[0m&amp#27;[32m&amp#27;[1m"1111222233334444"&amp#27;[0m               &amp#27;[90m# com.cydeo.step_definitions.WebTableOrderStepDefs.user_enters_credit_card_number(java.lang.String)&amp#27;[0m
  &amp#27;[32mAnd &amp#27;[0m&amp#27;[32muser enters expiry date &amp#27;[0m&amp#27;[32m&amp#27;[1m"12/24"&amp#27;[0m                                 &amp#27;[90m# com.cydeo.step_definitions.WebTableOrderStepDefs.user_enters_expiry_date(java.lang.String)&amp#27;[0m
  &amp#27;[32mAnd &amp#27;[0m&amp#27;[32muser enters process order button&amp#27;[0m                                &amp#27;[90m# com.cydeo.step_definitions.WebTableOrderStepDefs.user_enters_process_order_button()&amp#27;[0m
  &amp#27;[32mThen &amp#27;[0m&amp#27;[32muser should see &amp#27;[0m&amp#27;[32m&amp#27;[1m"Charles Darwin"&amp#27;[0m&amp#27;[32m in first row of the web table&amp#27;[0m &amp#27;[90m# com.cydeo.step_definitions.WebTableOrderStepDefs.user_should_see_in_first_row_of_the_web_table(java.lang.String)&amp#27;[0m
--> It is coming from @After in Hooks 

    Embedding  [image/png 154756 bytes]

]]></system-out>
    <system-err><![CDATA[Starting ChromeDriver 103.0.5060.53 (a1711811edd74ff1cf2150f36ffa3b0dae40b17f-refs/branch-heads/5060@{#853}) on port 22291
Only local connections are allowed.
Please see https://chromedriver.chromium.org/security-considerations for suggestions on keeping ChromeDriver safe.
ChromeDriver was started successfully.
Jul 10, 2022 8:30:28 AM org.openqa.selenium.remote.ProtocolHandshake createSession
INFO: Detected dialect: W3C
]]></system-err>
  </testcase>
  <testcase name=" #7" classname="Web table user order feature" time="3.144">
    <system-out><![CDATA[
@smoke @maleScientist
Scenario Template:                                                     &amp#27;[90m# src/test/resources/features/webTableOrder.feature:48&amp#27;[0m
--> It is coming from @Before in Hooks 
  &amp#27;[32mGiven &amp#27;[0m&amp#27;[32muser is already logged in and on order page&amp#27;[0m                    &amp#27;[90m# com.cydeo.step_definitions.WebTableOrderStepDefs.user_is_already_logged_in_and_on_order_page()&amp#27;[0m
  &amp#27;[32mWhen &amp#27;[0m&amp#27;[32muser selects product type &amp#27;[0m&amp#27;[32m&amp#27;[1m"Familybea"&amp#27;[0m                           &amp#27;[90m# com.cydeo.step_definitions.WebTableOrderStepDefs.user_selects_product_type(java.lang.String)&amp#27;[0m
  &amp#27;[32mAnd &amp#27;[0m&amp#27;[32muser enters quantity &amp#27;[0m&amp#27;[32m&amp#27;[1m3&amp#27;[0m                                           &amp#27;[90m# com.cydeo.step_definitions.WebTableOrderStepDefs.user_enters_quantity(int)&amp#27;[0m
  &amp#27;[32mAnd &amp#27;[0m&amp#27;[32muser enters customer name &amp#27;[0m&amp#27;[32m&amp#27;[1m"Albert Einstein"&amp#27;[0m                      &amp#27;[90m# com.cydeo.step_definitions.WebTableOrderStepDefs.user_enters_customer_name(java.lang.String)&amp#27;[0m
  &amp#27;[32mAnd &amp#27;[0m&amp#27;[32muser enters street &amp#27;[0m&amp#27;[32m&amp#27;[1m"London st"&amp#27;[0m                                   &amp#27;[90m# com.cydeo.step_definitions.WebTableOrderStepDefs.user_enters_street(java.lang.String)&amp#27;[0m
  &amp#27;[32mAnd &amp#27;[0m&amp#27;[32muser enters city &amp#27;[0m&amp#27;[32m&amp#27;[1m"London"&amp#27;[0m                                        &amp#27;[90m# com.cydeo.step_definitions.WebTableOrderStepDefs.user_enters_city(java.lang.String)&amp#27;[0m
  &amp#27;[32mAnd &amp#27;[0m&amp#27;[32muser enters state &amp#27;[0m&amp#27;[32m&amp#27;[1m"England"&amp#27;[0m                                      &amp#27;[90m# com.cydeo.step_definitions.WebTableOrderStepDefs.user_enters_state(java.lang.String)&amp#27;[0m
  &amp#27;[32mAnd &amp#27;[0m&amp#27;[32muser enters zipcode &amp#27;[0m&amp#27;[32m&amp#27;[1m"50505"&amp#27;[0m                                      &amp#27;[90m# com.cydeo.step_definitions.WebTableOrderStepDefs.user_enters_zipcode(java.lang.String)&amp#27;[0m
  &amp#27;[32mAnd &amp#27;[0m&amp#27;[32muser selects credit card type &amp#27;[0m&amp#27;[32m&amp#27;[1m"Visa"&amp#27;[0m                             &amp#27;[90m# com.cydeo.step_definitions.WebTableOrderStepDefs.user_selects_credit_card_type(java.lang.String)&amp#27;[0m
  &amp#27;[32mAnd &amp#27;[0m&amp#27;[32muser enters credit card number &amp#27;[0m&amp#27;[32m&amp#27;[1m"1111222233334444"&amp#27;[0m                &amp#27;[90m# com.cydeo.step_definitions.WebTableOrderStepDefs.user_enters_credit_card_number(java.lang.String)&amp#27;[0m
  &amp#27;[32mAnd &amp#27;[0m&amp#27;[32muser enters expiry date &amp#27;[0m&amp#27;[32m&amp#27;[1m"12/24"&amp#27;[0m                                  &amp#27;[90m# com.cydeo.step_definitions.WebTableOrderStepDefs.user_enters_expiry_date(java.lang.String)&amp#27;[0m
  &amp#27;[32mAnd &amp#27;[0m&amp#27;[32muser enters process order button&amp#27;[0m                                 &amp#27;[90m# com.cydeo.step_definitions.WebTableOrderStepDefs.user_enters_process_order_button()&amp#27;[0m
  &amp#27;[32mThen &amp#27;[0m&amp#27;[32muser should see &amp#27;[0m&amp#27;[32m&amp#27;[1m"Albert Einstein"&amp#27;[0m&amp#27;[32m in first row of the web table&amp#27;[0m &amp#27;[90m# com.cydeo.step_definitions.WebTableOrderStepDefs.user_should_see_in_first_row_of_the_web_table(java.lang.String)&amp#27;[0m
--> It is coming from @After in Hooks 

    Embedding  [image/png 154345 bytes]

]]></system-out>
    <system-err><![CDATA[Starting ChromeDriver 103.0.5060.53 (a1711811edd74ff1cf2150f36ffa3b0dae40b17f-refs/branch-heads/5060@{#853}) on port 47679
Only local connections are allowed.
Please see https://chromedriver.chromium.org/security-considerations for suggestions on keeping ChromeDriver safe.
ChromeDriver was started successfully.
Jul 10, 2022 8:30:31 AM org.openqa.selenium.remote.ProtocolHandshake createSession
INFO: Detected dialect: W3C
]]></system-err>
  </testcase>
  <testcase name=" #8" classname="Web table user order feature" time="3.181">
    <system-out><![CDATA[
@smoke @maleScientist
Scenario Template:                                              &amp#27;[90m# src/test/resources/features/webTableOrder.feature:49&amp#27;[0m
--> It is coming from @Before in Hooks 
  &amp#27;[32mGiven &amp#27;[0m&amp#27;[32muser is already logged in and on order page&amp#27;[0m             &amp#27;[90m# com.cydeo.step_definitions.WebTableOrderStepDefs.user_is_already_logged_in_and_on_order_page()&amp#27;[0m
  &amp#27;[32mWhen &amp#27;[0m&amp#27;[32muser selects product type &amp#27;[0m&amp#27;[32m&amp#27;[1m"Screenable"&amp#27;[0m                   &amp#27;[90m# com.cydeo.step_definitions.WebTableOrderStepDefs.user_selects_product_type(java.lang.String)&amp#27;[0m
  &amp#27;[32mAnd &amp#27;[0m&amp#27;[32muser enters quantity &amp#27;[0m&amp#27;[32m&amp#27;[1m4&amp#27;[0m                                    &amp#27;[90m# com.cydeo.step_definitions.WebTableOrderStepDefs.user_enters_quantity(int)&amp#27;[0m
  &amp#27;[32mAnd &amp#27;[0m&amp#27;[32muser enters customer name &amp#27;[0m&amp#27;[32m&amp#27;[1m"CV Raman"&amp#27;[0m                      &amp#27;[90m# com.cydeo.step_definitions.WebTableOrderStepDefs.user_enters_customer_name(java.lang.String)&amp#27;[0m
  &amp#27;[32mAnd &amp#27;[0m&amp#27;[32muser enters street &amp#27;[0m&amp#27;[32m&amp#27;[1m"London st"&amp#27;[0m                            &amp#27;[90m# com.cydeo.step_definitions.WebTableOrderStepDefs.user_enters_street(java.lang.String)&amp#27;[0m
  &amp#27;[32mAnd &amp#27;[0m&amp#27;[32muser enters city &amp#27;[0m&amp#27;[32m&amp#27;[1m"London"&amp#27;[0m                                 &amp#27;[90m# com.cydeo.step_definitions.WebTableOrderStepDefs.user_enters_city(java.lang.String)&amp#27;[0m
  &amp#27;[32mAnd &amp#27;[0m&amp#27;[32muser enters state &amp#27;[0m&amp#27;[32m&amp#27;[1m"England"&amp#27;[0m                               &amp#27;[90m# com.cydeo.step_definitions.WebTableOrderStepDefs.user_enters_state(java.lang.String)&amp#27;[0m
  &amp#27;[32mAnd &amp#27;[0m&amp#27;[32muser enters zipcode &amp#27;[0m&amp#27;[32m&amp#27;[1m"50505"&amp#27;[0m                               &amp#27;[90m# com.cydeo.step_definitions.WebTableOrderStepDefs.user_enters_zipcode(java.lang.String)&amp#27;[0m
  &amp#27;[32mAnd &amp#27;[0m&amp#27;[32muser selects credit card type &amp#27;[0m&amp#27;[32m&amp#27;[1m"Visa"&amp#27;[0m                      &amp#27;[90m# com.cydeo.step_definitions.WebTableOrderStepDefs.user_selects_credit_card_type(java.lang.String)&amp#27;[0m
  &amp#27;[32mAnd &amp#27;[0m&amp#27;[32muser enters credit card number &amp#27;[0m&amp#27;[32m&amp#27;[1m"1111222233334444"&amp#27;[0m         &amp#27;[90m# com.cydeo.step_definitions.WebTableOrderStepDefs.user_enters_credit_card_number(java.lang.String)&amp#27;[0m
  &amp#27;[32mAnd &amp#27;[0m&amp#27;[32muser enters expiry date &amp#27;[0m&amp#27;[32m&amp#27;[1m"12/24"&amp#27;[0m                           &amp#27;[90m# com.cydeo.step_definitions.WebTableOrderStepDefs.user_enters_expiry_date(java.lang.String)&amp#27;[0m
  &amp#27;[32mAnd &amp#27;[0m&amp#27;[32muser enters process order button&amp#27;[0m                          &amp#27;[90m# com.cydeo.step_definitions.WebTableOrderStepDefs.user_enters_process_order_button()&amp#27;[0m
  &amp#27;[32mThen &amp#27;[0m&amp#27;[32muser should see &amp#27;[0m&amp#27;[32m&amp#27;[1m"CV Raman"&amp#27;[0m&amp#27;[32m in first row of the web table&amp#27;[0m &amp#27;[90m# com.cydeo.step_definitions.WebTableOrderStepDefs.user_should_see_in_first_row_of_the_web_table(java.lang.String)&amp#27;[0m
--> It is coming from @After in Hooks 

    Embedding  [image/png 154111 bytes]

]]></system-out>
    <system-err><![CDATA[Starting ChromeDriver 103.0.5060.53 (a1711811edd74ff1cf2150f36ffa3b0dae40b17f-refs/branch-heads/5060@{#853}) on port 37885
Only local connections are allowed.
Please see https://chromedriver.chromium.org/security-considerations for suggestions on keeping ChromeDriver safe.
ChromeDriver was started successfully.
Jul 10, 2022 8:30:34 AM org.openqa.selenium.remote.ProtocolHandshake createSession
INFO: Detected dialect: W3C
]]></system-err>
  </testcase>
  <testcase name=" #9" classname="Web table user order feature" time="3.122">
    <system-out><![CDATA[
@smoke @maleScientist
Scenario Template:                                             &amp#27;[90m# src/test/resources/features/webTableOrder.feature:50&amp#27;[0m
--> It is coming from @Before in Hooks 
  &amp#27;[32mGiven &amp#27;[0m&amp#27;[32muser is already logged in and on order page&amp#27;[0m            &amp#27;[90m# com.cydeo.step_definitions.WebTableOrderStepDefs.user_is_already_logged_in_and_on_order_page()&amp#27;[0m
  &amp#27;[32mWhen &amp#27;[0m&amp#27;[32muser selects product type &amp#27;[0m&amp#27;[32m&amp#27;[1m"MoneyCog"&amp#27;[0m                    &amp#27;[90m# com.cydeo.step_definitions.WebTableOrderStepDefs.user_selects_product_type(java.lang.String)&amp#27;[0m
  &amp#27;[32mAnd &amp#27;[0m&amp#27;[32muser enters quantity &amp#27;[0m&amp#27;[32m&amp#27;[1m5&amp#27;[0m                                   &amp#27;[90m# com.cydeo.step_definitions.WebTableOrderStepDefs.user_enters_quantity(int)&amp#27;[0m
  &amp#27;[32mAnd &amp#27;[0m&amp#27;[32muser enters customer name &amp#27;[0m&amp#27;[32m&amp#27;[1m"Galileo"&amp#27;[0m                      &amp#27;[90m# com.cydeo.step_definitions.WebTableOrderStepDefs.user_enters_customer_name(java.lang.String)&amp#27;[0m
  &amp#27;[32mAnd &amp#27;[0m&amp#27;[32muser enters street &amp#27;[0m&amp#27;[32m&amp#27;[1m"London st"&amp#27;[0m                           &amp#27;[90m# com.cydeo.step_definitions.WebTableOrderStepDefs.user_enters_street(java.lang.String)&amp#27;[0m
  &amp#27;[32mAnd &amp#27;[0m&amp#27;[32muser enters city &amp#27;[0m&amp#27;[32m&amp#27;[1m"London"&amp#27;[0m                                &amp#27;[90m# com.cydeo.step_definitions.WebTableOrderStepDefs.user_enters_city(java.lang.String)&amp#27;[0m
  &amp#27;[32mAnd &amp#27;[0m&amp#27;[32muser enters state &amp#27;[0m&amp#27;[32m&amp#27;[1m"England"&amp#27;[0m                              &amp#27;[90m# com.cydeo.step_definitions.WebTableOrderStepDefs.user_enters_state(java.lang.String)&amp#27;[0m
  &amp#27;[32mAnd &amp#27;[0m&amp#27;[32muser enters zipcode &amp#27;[0m&amp#27;[32m&amp#27;[1m"50505"&amp#27;[0m                              &amp#27;[90m# com.cydeo.step_definitions.WebTableOrderStepDefs.user_enters_zipcode(java.lang.String)&amp#27;[0m
  &amp#27;[32mAnd &amp#27;[0m&amp#27;[32muser selects credit card type &amp#27;[0m&amp#27;[32m&amp#27;[1m"Visa"&amp#27;[0m                     &amp#27;[90m# com.cydeo.step_definitions.WebTableOrderStepDefs.user_selects_credit_card_type(java.lang.String)&amp#27;[0m
  &amp#27;[32mAnd &amp#27;[0m&amp#27;[32muser enters credit card number &amp#27;[0m&amp#27;[32m&amp#27;[1m"1111222233334444"&amp#27;[0m        &amp#27;[90m# com.cydeo.step_definitions.WebTableOrderStepDefs.user_enters_credit_card_number(java.lang.String)&amp#27;[0m
  &amp#27;[32mAnd &amp#27;[0m&amp#27;[32muser enters expiry date &amp#27;[0m&amp#27;[32m&amp#27;[1m"12/24"&amp#27;[0m                          &amp#27;[90m# com.cydeo.step_definitions.WebTableOrderStepDefs.user_enters_expiry_date(java.lang.String)&amp#27;[0m
  &amp#27;[32mAnd &amp#27;[0m&amp#27;[32muser enters process order button&amp#27;[0m                         &amp#27;[90m# com.cydeo.step_definitions.WebTableOrderStepDefs.user_enters_process_order_button()&amp#27;[0m
  &amp#27;[32mThen &amp#27;[0m&amp#27;[32muser should see &amp#27;[0m&amp#27;[32m&amp#27;[1m"Galileo"&amp#27;[0m&amp#27;[32m in first row of the web table&amp#27;[0m &amp#27;[90m# com.cydeo.step_definitions.WebTableOrderStepDefs.user_should_see_in_first_row_of_the_web_table(java.lang.String)&amp#27;[0m
--> It is coming from @After in Hooks 

    Embedding  [image/png 154104 bytes]

]]></system-out>
    <system-err><![CDATA[Starting ChromeDriver 103.0.5060.53 (a1711811edd74ff1cf2150f36ffa3b0dae40b17f-refs/branch-heads/5060@{#853}) on port 11869
Only local connections are allowed.
Please see https://chromedriver.chromium.org/security-considerations for suggestions on keeping ChromeDriver safe.
ChromeDriver was started successfully.
Jul 10, 2022 8:30:38 AM org.openqa.selenium.remote.ProtocolHandshake createSession
INFO: Detected dialect: W3C
]]></system-err>
  </testcase>
  <testcase name=" #10" classname="Web table user order feature" time="3.14">
    <system-out><![CDATA[
@smoke @maleScientist
Scenario Template:                                                  &amp#27;[90m# src/test/resources/features/webTableOrder.feature:51&amp#27;[0m
--> It is coming from @Before in Hooks 
  &amp#27;[32mGiven &amp#27;[0m&amp#27;[32muser is already logged in and on order page&amp#27;[0m                 &amp#27;[90m# com.cydeo.step_definitions.WebTableOrderStepDefs.user_is_already_logged_in_and_on_order_page()&amp#27;[0m
  &amp#27;[32mWhen &amp#27;[0m&amp#27;[32muser selects product type &amp#27;[0m&amp#27;[32m&amp#27;[1m"MoneyCog"&amp#27;[0m                         &amp#27;[90m# com.cydeo.step_definitions.WebTableOrderStepDefs.user_selects_product_type(java.lang.String)&amp#27;[0m
  &amp#27;[32mAnd &amp#27;[0m&amp#27;[32muser enters quantity &amp#27;[0m&amp#27;[32m&amp#27;[1m6&amp#27;[0m                                        &amp#27;[90m# com.cydeo.step_definitions.WebTableOrderStepDefs.user_enters_quantity(int)&amp#27;[0m
  &amp#27;[32mAnd &amp#27;[0m&amp#27;[32muser enters customer name &amp#27;[0m&amp#27;[32m&amp#27;[1m"Isaac Newton"&amp#27;[0m                      &amp#27;[90m# com.cydeo.step_definitions.WebTableOrderStepDefs.user_enters_customer_name(java.lang.String)&amp#27;[0m
  &amp#27;[32mAnd &amp#27;[0m&amp#27;[32muser enters street &amp#27;[0m&amp#27;[32m&amp#27;[1m"London st"&amp#27;[0m                                &amp#27;[90m# com.cydeo.step_definitions.WebTableOrderStepDefs.user_enters_street(java.lang.String)&amp#27;[0m
  &amp#27;[32mAnd &amp#27;[0m&amp#27;[32muser enters city &amp#27;[0m&amp#27;[32m&amp#27;[1m"London"&amp#27;[0m                                     &amp#27;[90m# com.cydeo.step_definitions.WebTableOrderStepDefs.user_enters_city(java.lang.String)&amp#27;[0m
  &amp#27;[32mAnd &amp#27;[0m&amp#27;[32muser enters state &amp#27;[0m&amp#27;[32m&amp#27;[1m"England"&amp#27;[0m                                   &amp#27;[90m# com.cydeo.step_definitions.WebTableOrderStepDefs.user_enters_state(java.lang.String)&amp#27;[0m
  &amp#27;[32mAnd &amp#27;[0m&amp#27;[32muser enters zipcode &amp#27;[0m&amp#27;[32m&amp#27;[1m"50505"&amp#27;[0m                                   &amp#27;[90m# com.cydeo.step_definitions.WebTableOrderStepDefs.user_enters_zipcode(java.lang.String)&amp#27;[0m
  &amp#27;[32mAnd &amp#27;[0m&amp#27;[32muser selects credit card type &amp#27;[0m&amp#27;[32m&amp#27;[1m"Visa"&amp#27;[0m                          &amp#27;[90m# com.cydeo.step_definitions.WebTableOrderStepDefs.user_selects_credit_card_type(java.lang.String)&amp#27;[0m
  &amp#27;[32mAnd &amp#27;[0m&amp#27;[32muser enters credit card number &amp#27;[0m&amp#27;[32m&amp#27;[1m"1111222233334444"&amp#27;[0m             &amp#27;[90m# com.cydeo.step_definitions.WebTableOrderStepDefs.user_enters_credit_card_number(java.lang.String)&amp#27;[0m
  &amp#27;[32mAnd &amp#27;[0m&amp#27;[32muser enters expiry date &amp#27;[0m&amp#27;[32m&amp#27;[1m"12/24"&amp#27;[0m                               &amp#27;[90m# com.cydeo.step_definitions.WebTableOrderStepDefs.user_enters_expiry_date(java.lang.String)&amp#27;[0m
  &amp#27;[32mAnd &amp#27;[0m&amp#27;[32muser enters process order button&amp#27;[0m                              &amp#27;[90m# com.cydeo.step_definitions.WebTableOrderStepDefs.user_enters_process_order_button()&amp#27;[0m
  &amp#27;[32mThen &amp#27;[0m&amp#27;[32muser should see &amp#27;[0m&amp#27;[32m&amp#27;[1m"Isaac Newton"&amp#27;[0m&amp#27;[32m in first row of the web table&amp#27;[0m &amp#27;[90m# com.cydeo.step_definitions.WebTableOrderStepDefs.user_should_see_in_first_row_of_the_web_table(java.lang.String)&amp#27;[0m
--> It is coming from @After in Hooks 

    Embedding  [image/png 154540 bytes]

]]></system-out>
    <system-err><![CDATA[Starting ChromeDriver 103.0.5060.53 (a1711811edd74ff1cf2150f36ffa3b0dae40b17f-refs/branch-heads/5060@{#853}) on port 3826
Only local connections are allowed.
Please see https://chromedriver.chromium.org/security-considerations for suggestions on keeping ChromeDriver safe.
ChromeDriver was started successfully.
Jul 10, 2022 8:30:41 AM org.openqa.selenium.remote.ProtocolHandshake createSession
INFO: Detected dialect: W3C
]]></system-err>
  </testcase>
  <testcase name=" #11" classname="Web table user order feature" time="3.162">
    <system-out><![CDATA[
@smoke @maleScientist
Scenario Template:                                                           &amp#27;[90m# src/test/resources/features/webTableOrder.feature:52&amp#27;[0m
--> It is coming from @Before in Hooks 
  &amp#27;[32mGiven &amp#27;[0m&amp#27;[32muser is already logged in and on order page&amp#27;[0m                          &amp#27;[90m# com.cydeo.step_definitions.WebTableOrderStepDefs.user_is_already_logged_in_and_on_order_page()&amp#27;[0m
  &amp#27;[32mWhen &amp#27;[0m&amp#27;[32muser selects product type &amp#27;[0m&amp#27;[32m&amp#27;[1m"MoneyCog"&amp#27;[0m                                  &amp#27;[90m# com.cydeo.step_definitions.WebTableOrderStepDefs.user_selects_product_type(java.lang.String)&amp#27;[0m
  &amp#27;[32mAnd &amp#27;[0m&amp#27;[32muser enters quantity &amp#27;[0m&amp#27;[32m&amp#27;[1m6&amp#27;[0m                                                 &amp#27;[90m# com.cydeo.step_definitions.WebTableOrderStepDefs.user_enters_quantity(int)&amp#27;[0m
  &amp#27;[32mAnd &amp#27;[0m&amp#27;[32muser enters customer name &amp#27;[0m&amp#27;[32m&amp#27;[1m"Arnold Schwarzenegger"&amp#27;[0m                      &amp#27;[90m# com.cydeo.step_definitions.WebTableOrderStepDefs.user_enters_customer_name(java.lang.String)&amp#27;[0m
  &amp#27;[32mAnd &amp#27;[0m&amp#27;[32muser enters street &amp#27;[0m&amp#27;[32m&amp#27;[1m"London st"&amp#27;[0m                                         &amp#27;[90m# com.cydeo.step_definitions.WebTableOrderStepDefs.user_enters_street(java.lang.String)&amp#27;[0m
  &amp#27;[32mAnd &amp#27;[0m&amp#27;[32muser enters city &amp#27;[0m&amp#27;[32m&amp#27;[1m"London"&amp#27;[0m                                              &amp#27;[90m# com.cydeo.step_definitions.WebTableOrderStepDefs.user_enters_city(java.lang.String)&amp#27;[0m
  &amp#27;[32mAnd &amp#27;[0m&amp#27;[32muser enters state &amp#27;[0m&amp#27;[32m&amp#27;[1m"England"&amp#27;[0m                                            &amp#27;[90m# com.cydeo.step_definitions.WebTableOrderStepDefs.user_enters_state(java.lang.String)&amp#27;[0m
  &amp#27;[32mAnd &amp#27;[0m&amp#27;[32muser enters zipcode &amp#27;[0m&amp#27;[32m&amp#27;[1m"50505"&amp#27;[0m                                            &amp#27;[90m# com.cydeo.step_definitions.WebTableOrderStepDefs.user_enters_zipcode(java.lang.String)&amp#27;[0m
  &amp#27;[32mAnd &amp#27;[0m&amp#27;[32muser selects credit card type &amp#27;[0m&amp#27;[32m&amp#27;[1m"Visa"&amp#27;[0m                                   &amp#27;[90m# com.cydeo.step_definitions.WebTableOrderStepDefs.user_selects_credit_card_type(java.lang.String)&amp#27;[0m
  &amp#27;[32mAnd &amp#27;[0m&amp#27;[32muser enters credit card number &amp#27;[0m&amp#27;[32m&amp#27;[1m"1111222233334444"&amp#27;[0m                      &amp#27;[90m# com.cydeo.step_definitions.WebTableOrderStepDefs.user_enters_credit_card_number(java.lang.String)&amp#27;[0m
  &amp#27;[32mAnd &amp#27;[0m&amp#27;[32muser enters expiry date &amp#27;[0m&amp#27;[32m&amp#27;[1m"12/24"&amp#27;[0m                                        &amp#27;[90m# com.cydeo.step_definitions.WebTableOrderStepDefs.user_enters_expiry_date(java.lang.String)&amp#27;[0m
  &amp#27;[32mAnd &amp#27;[0m&amp#27;[32muser enters process order button&amp#27;[0m                                       &amp#27;[90m# com.cydeo.step_definitions.WebTableOrderStepDefs.user_enters_process_order_button()&amp#27;[0m
  &amp#27;[32mThen &amp#27;[0m&amp#27;[32muser should see &amp#27;[0m&amp#27;[32m&amp#27;[1m"Arnold Schwarzenegger"&amp#27;[0m&amp#27;[32m in first row of the web table&amp#27;[0m &amp#27;[90m# com.cydeo.step_definitions.WebTableOrderStepDefs.user_should_see_in_first_row_of_the_web_table(java.lang.String)&amp#27;[0m
--> It is coming from @After in Hooks 

    Embedding  [image/png 154988 bytes]

]]></system-out>
    <system-err><![CDATA[Starting ChromeDriver 103.0.5060.53 (a1711811edd74ff1cf2150f36ffa3b0dae40b17f-refs/branch-heads/5060@{#853}) on port 41843
Only local connections are allowed.
Please see https://chromedriver.chromium.org/security-considerations for suggestions on keeping ChromeDriver safe.
ChromeDriver was started successfully.
Jul 10, 2022 8:30:44 AM org.openqa.selenium.remote.ProtocolHandshake createSession
INFO: Detected dialect: W3C
]]></system-err>
  </testcase>
</testsuite>